2022-12-11 20:25:55,289 INFO Введите количество бочек: 
2022-12-11 20:25:57,224 INFO Пользователь ввел: 7
2022-12-11 20:25:57,224 INFO Корректное значение введенное пользователем: 7
2022-12-11 20:25:57,224 INFO Выпал бочонок №4
2022-12-11 20:25:58,232 INFO Нажмите enter чтобы вытянуть следующий бочонок >>>
2022-12-11 20:25:58,232 INFO Выпал бочонок №6
2022-12-11 20:25:58,768 INFO Нажмите enter чтобы вытянуть следующий бочонок >>>
2022-12-11 20:25:58,768 INFO Выпал бочонок №7
2022-12-11 20:25:59,112 INFO Нажмите enter чтобы вытянуть следующий бочонок >>>
2022-12-11 20:25:59,112 INFO Выпал бочонок №2
2022-12-11 20:25:59,495 INFO Нажмите enter чтобы вытянуть следующий бочонок >>>
2022-12-11 20:25:59,496 INFO Выпал бочонок №1
2022-12-11 20:25:59,952 INFO Нажмите enter чтобы вытянуть следующий бочонок >>>
2022-12-11 20:25:59,952 INFO Выпал бочонок №3
2022-12-11 20:26:00,408 INFO Нажмите enter чтобы вытянуть следующий бочонок >>>
2022-12-11 20:26:00,408 INFO Выпал бочонок №5
2022-12-11 20:26:08,937 INFO Введите количество бочек: 
2022-12-11 20:26:11,360 ERROR Ошибка: нужно ввести число!
Traceback (most recent call last):
  File "C:\Users\zlaty\OneDrive\Рабочий стол\Лабы\Лабораторная работа 8\ФТ-210007Кириллов.py", line 21, in input_int
    num = int(input(msg))
          ^^^^^^^^^^^^^^^
ValueError: invalid literal for int() with base 10: ''
2022-12-11 20:26:11,364 INFO Введите количество бочек: 
2022-12-11 20:26:11,760 ERROR Ошибка: нужно ввести число!
Traceback (most recent call last):
  File "C:\Users\zlaty\OneDrive\Рабочий стол\Лабы\Лабораторная работа 8\ФТ-210007Кириллов.py", line 21, in input_int
    num = int(input(msg))
          ^^^^^^^^^^^^^^^
ValueError: invalid literal for int() with base 10: ''
2022-12-11 20:26:11,760 INFO Введите количество бочек: 
2022-12-11 20:26:14,904 INFO Пользователь ввел: 13
2022-12-11 20:26:14,904 INFO Корректное значение введенное пользователем: 13
2022-12-11 20:26:14,904 INFO Выпал бочонок №6
2022-12-11 20:26:15,568 INFO Нажмите enter чтобы вытянуть следующий бочонок >>>
2022-12-11 20:26:15,568 INFO Выпал бочонок №4
2022-12-11 20:26:15,896 INFO Нажмите enter чтобы вытянуть следующий бочонок >>>
2022-12-11 20:26:15,896 INFO Выпал бочонок №9
2022-12-11 20:26:16,128 INFO Нажмите enter чтобы вытянуть следующий бочонок >>>
2022-12-11 20:26:16,128 INFO Выпал бочонок №7
2022-12-11 20:26:16,359 INFO Нажмите enter чтобы вытянуть следующий бочонок >>>
2022-12-11 20:26:16,360 INFO Выпал бочонок №11
2022-12-11 20:26:16,624 INFO Нажмите enter чтобы вытянуть следующий бочонок >>>
2022-12-11 20:26:16,624 INFO Выпал бочонок №13
2022-12-11 20:26:16,984 INFO Нажмите enter чтобы вытянуть следующий бочонок >>>
2022-12-11 20:26:16,984 INFO Выпал бочонок №8
2022-12-11 20:26:17,344 INFO Нажмите enter чтобы вытянуть следующий бочонок >>>
2022-12-11 20:26:17,344 INFO Выпал бочонок №2
2022-12-11 20:26:17,800 INFO Нажмите enter чтобы вытянуть следующий бочонок >>>
2022-12-11 20:26:17,800 INFO Выпал бочонок №1
2022-12-11 20:26:18,128 INFO Нажмите enter чтобы вытянуть следующий бочонок >>>
2022-12-11 20:26:18,128 INFO Выпал бочонок №3
2022-12-11 20:26:18,479 INFO Нажмите enter чтобы вытянуть следующий бочонок >>>
2022-12-11 20:26:18,480 INFO Выпал бочонок №5
2022-12-11 20:26:18,832 INFO Нажмите enter чтобы вытянуть следующий бочонок >>>
2022-12-11 20:26:18,832 INFO Выпал бочонок №12
2022-12-11 20:26:19,192 INFO Нажмите enter чтобы вытянуть следующий бочонок >>>
2022-12-11 20:26:19,193 INFO Выпал бочонок №10
2022-12-11 20:26:21,258 INFO Введите количество бочек: 
2022-12-11 20:26:22,944 INFO Пользователь ввел: 25
2022-12-11 20:26:22,944 INFO Корректное значение введенное пользователем: 25
2022-12-11 20:26:22,944 INFO Выпал бочонок №25
2022-12-11 20:26:23,600 INFO Нажмите enter чтобы вытянуть следующий бочонок >>>
2022-12-11 20:26:23,600 INFO Выпал бочонок №10
2022-12-11 20:26:24,100 INFO Нажмите enter чтобы вытянуть следующий бочонок >>>
2022-12-11 20:26:24,100 INFO Выпал бочонок №12
2022-12-11 20:26:24,147 INFO Нажмите enter чтобы вытянуть следующий бочонок >>>
2022-12-11 20:26:24,147 INFO Выпал бочонок №3
2022-12-11 20:26:24,179 INFO Нажмите enter чтобы вытянуть следующий бочонок >>>
2022-12-11 20:26:24,179 INFO Выпал бочонок №1
2022-12-11 20:26:24,208 INFO Нажмите enter чтобы вытянуть следующий бочонок >>>
2022-12-11 20:26:24,209 INFO Выпал бочонок №4
2022-12-11 20:26:24,238 INFO Нажмите enter чтобы вытянуть следующий бочонок >>>
2022-12-11 20:26:24,238 INFO Выпал бочонок №9
2022-12-11 20:26:24,271 INFO Нажмите enter чтобы вытянуть следующий бочонок >>>
2022-12-11 20:26:24,272 INFO Выпал бочонок №5
2022-12-11 20:26:24,302 INFO Нажмите enter чтобы вытянуть следующий бочонок >>>
2022-12-11 20:26:24,302 INFO Выпал бочонок №2
2022-12-11 20:26:24,333 INFO Нажмите enter чтобы вытянуть следующий бочонок >>>
2022-12-11 20:26:24,333 INFO Выпал бочонок №24
2022-12-11 20:26:24,365 INFO Нажмите enter чтобы вытянуть следующий бочонок >>>
2022-12-11 20:26:24,365 INFO Выпал бочонок №20
2022-12-11 20:26:24,411 INFO Нажмите enter чтобы вытянуть следующий бочонок >>>
2022-12-11 20:26:24,412 INFO Выпал бочонок №19
2022-12-11 20:26:24,443 INFO Нажмите enter чтобы вытянуть следующий бочонок >>>
2022-12-11 20:26:24,443 INFO Выпал бочонок №8
2022-12-11 20:26:25,248 INFO Нажмите enter чтобы вытянуть следующий бочонок >>>
2022-12-11 20:26:25,248 INFO Выпал бочонок №15
2022-12-11 20:26:25,615 INFO Нажмите enter чтобы вытянуть следующий бочонок >>>
2022-12-11 20:26:25,615 INFO Выпал бочонок №11
2022-12-11 20:26:25,968 INFO Нажмите enter чтобы вытянуть следующий бочонок >>>
2022-12-11 20:26:25,968 INFO Выпал бочонок №18
2022-12-11 20:26:26,304 INFO Нажмите enter чтобы вытянуть следующий бочонок >>>
2022-12-11 20:26:26,304 INFO Выпал бочонок №21
2022-12-11 20:26:26,768 INFO Нажмите enter чтобы вытянуть следующий бочонок >>>
2022-12-11 20:26:26,768 INFO Выпал бочонок №6
2022-12-11 20:26:27,592 INFO Нажмите enter чтобы вытянуть следующий бочонок >>>
2022-12-11 20:26:27,592 INFO Выпал бочонок №16
2022-12-11 20:26:28,008 INFO Нажмите enter чтобы вытянуть следующий бочонок >>>
2022-12-11 20:26:28,008 INFO Выпал бочонок №13
2022-12-11 20:26:28,408 INFO Нажмите enter чтобы вытянуть следующий бочонок >>>
2022-12-11 20:26:28,408 INFO Выпал бочонок №23
2022-12-11 20:26:28,792 INFO Нажмите enter чтобы вытянуть следующий бочонок >>>
2022-12-11 20:26:28,792 INFO Выпал бочонок №22
2022-12-11 20:26:29,168 INFO Нажмите enter чтобы вытянуть следующий бочонок >>>
2022-12-11 20:26:29,168 INFO Выпал бочонок №14
2022-12-11 20:26:29,544 INFO Нажмите enter чтобы вытянуть следующий бочонок >>>
2022-12-11 20:26:29,544 INFO Выпал бочонок №17
2022-12-11 20:26:29,928 INFO Нажмите enter чтобы вытянуть следующий бочонок >>>
2022-12-11 20:26:29,928 INFO Выпал бочонок №7
2022-12-11 20:29:04,976 INFO Введите количество бочек: 
2022-12-11 20:29:08,808 INFO Пользователь ввел: 25
2022-12-11 20:29:08,808 INFO Корректное значение введенное пользователем: 25
2022-12-11 20:29:08,808 INFO Выпал бочонок №15
2022-12-11 20:29:10,192 INFO Нажмите enter чтобы вытянуть следующий бочонок >>>
2022-12-11 20:29:10,192 INFO Выпал бочонок №20
2022-12-11 20:29:10,700 INFO Нажмите enter чтобы вытянуть следующий бочонок >>>
2022-12-11 20:29:10,700 INFO Выпал бочонок №1
2022-12-11 20:29:10,730 INFO Нажмите enter чтобы вытянуть следующий бочонок >>>
2022-12-11 20:29:10,730 INFO Выпал бочонок №6
2022-12-11 20:29:10,760 INFO Нажмите enter чтобы вытянуть следующий бочонок >>>
2022-12-11 20:29:10,760 INFO Выпал бочонок №23
2022-12-11 20:29:10,791 INFO Нажмите enter чтобы вытянуть следующий бочонок >>>
2022-12-11 20:29:10,792 INFO Выпал бочонок №13
2022-12-11 20:29:10,838 INFO Нажмите enter чтобы вытянуть следующий бочонок >>>
2022-12-11 20:29:10,838 INFO Выпал бочонок №4
2022-12-11 20:29:10,870 INFO Нажмите enter чтобы вытянуть следующий бочонок >>>
2022-12-11 20:29:10,870 INFO Выпал бочонок №2
2022-12-11 20:29:10,901 INFO Нажмите enter чтобы вытянуть следующий бочонок >>>
2022-12-11 20:29:10,901 INFO Выпал бочонок №19
2022-12-11 20:29:10,931 INFO Нажмите enter чтобы вытянуть следующий бочонок >>>
2022-12-11 20:29:10,932 INFO Выпал бочонок №5
2022-12-11 20:29:10,962 INFO Нажмите enter чтобы вытянуть следующий бочонок >>>
2022-12-11 20:29:10,962 INFO Выпал бочонок №9
2022-12-11 20:29:10,993 INFO Нажмите enter чтобы вытянуть следующий бочонок >>>
2022-12-11 20:29:10,994 INFO Выпал бочонок №22
2022-12-11 20:29:11,025 INFO Нажмите enter чтобы вытянуть следующий бочонок >>>
2022-12-11 20:29:11,025 INFO Выпал бочонок №7
2022-12-11 20:29:11,056 INFO Нажмите enter чтобы вытянуть следующий бочонок >>>
2022-12-11 20:29:11,057 INFO Выпал бочонок №11
2022-12-11 20:29:11,103 INFO Нажмите enter чтобы вытянуть следующий бочонок >>>
2022-12-11 20:29:11,103 INFO Выпал бочонок №16
2022-12-11 20:29:11,134 INFO Нажмите enter чтобы вытянуть следующий бочонок >>>
2022-12-11 20:29:11,134 INFO Выпал бочонок №18
2022-12-11 20:29:11,166 INFO Нажмите enter чтобы вытянуть следующий бочонок >>>
2022-12-11 20:29:11,166 INFO Выпал бочонок №21
2022-12-11 20:29:11,197 INFO Нажмите enter чтобы вытянуть следующий бочонок >>>
2022-12-11 20:29:11,197 INFO Выпал бочонок №8
2022-12-11 20:29:11,228 INFO Нажмите enter чтобы вытянуть следующий бочонок >>>
2022-12-11 20:29:11,228 INFO Выпал бочонок №17
2022-12-11 20:29:11,259 INFO Нажмите enter чтобы вытянуть следующий бочонок >>>
2022-12-11 20:29:11,260 INFO Выпал бочонок №12
2022-12-11 20:29:11,824 INFO Нажмите enter чтобы вытянуть следующий бочонок >>>
2022-12-11 20:29:11,824 INFO Выпал бочонок №14
2022-12-11 20:29:12,209 INFO Нажмите enter чтобы вытянуть следующий бочонок >>>
2022-12-11 20:29:12,217 INFO Выпал бочонок №25
2022-12-11 20:29:12,688 INFO Нажмите enter чтобы вытянуть следующий бочонок >>>
2022-12-11 20:29:12,688 INFO Выпал бочонок №24
2022-12-11 20:29:13,296 INFO Нажмите enter чтобы вытянуть следующий бочонок >>>
2022-12-11 20:29:13,296 INFO Выпал бочонок №3
2022-12-11 20:29:13,800 INFO Нажмите enter чтобы вытянуть следующий бочонок >>>
2022-12-11 20:29:13,800 INFO Выпал бочонок №10
